<?xml version="1.0" encoding="UTF-8"?>
<Site BuildName="Win32-MSBuild"
	BuildStamp="20240630-0302-Experimental"
	Name="DESKTOP-LCVT8F0"
	Generator="ctest-3.29.2"
	CompilerName="C:/Program Files/Microsoft Visual Studio/2022/Community/VC/Tools/MSVC/14.37.32822/bin/Hostx86/x64/cl.exe"
	CompilerVersion="19.37.32824.0"
	OSName="Windows"
	Hostname="DESKTOP-LCVT8F0"
	OSRelease=" Personal"
	OSVersion=" (Build 22631)"
	OSPlatform="AMD64"
	Is64Bits="1"
	VendorString="GenuineIntel"
	VendorID="Intel Corporation"
	FamilyID="6"
	ModelID="5"
	ProcessorCacheSize="-1"
	NumberOfLogicalCPU="12"
	NumberOfPhysicalCPU="6"
	TotalVirtualMemory="23345"
	TotalPhysicalMemory="16177"
	LogicalProcessorsPerPhysical="2"
	ProcessorClockFrequency="2591"
	>
	<Testing>
		<StartDateTime>Jun 30 15:54 SE Asia Standard Time</StartDateTime>
		<StartTestTime>1719737699</StartTestTime>
		<TestList/>
		<EndDateTime>Jun 30 15:54 SE Asia Standard Time</EndDateTime>
		<EndTestTime>1719737699</EndTestTime>
		<ElapsedMinutes>0</ElapsedMinutes>
	</Testing>
</Site>
